Games_2048/shudu/build/outputs/logs/manifest-merger-debug-report.txt
-- Merging decision tree log ---
manifest
ADDED from src\main\AndroidManifest.xml:2:1-73:12
	package
		ADDED from src\main\AndroidManifest.xml:3:7-38
		INJECTED from src\main\AndroidManifest.xml
		INJECTED from src\main\AndroidManifest.xml
	android:versionName
		ADDED from src\main\AndroidManifest.xml:4:38-65
		INJECTED from src\main\AndroidManifest.xml
		INJECTED from src\main\AndroidManifest.xml
	android:versionCode
		ADDED from src\main\AndroidManifest.xml:4:66-92
		INJECTED from src\main\AndroidManifest.xml
		INJECTED from src\main\AndroidManifest.xml
	xmlns:android
		ADDED from src\main\AndroidManifest.xml:2:11-69
	android:installLocation
		ADDED from src\main\AndroidManifest.xml:4:7-37
uses-sdk
ADDED from src\main\AndroidManifest.xml:5:5-72
	android:targetSdkVersion
		ADDED from src\main\AndroidManifest.xml:5:41-69
		INJECTED from src\main\AndroidManifest.xml
		INJECTED from src\main\AndroidManifest.xml
	android:minSdkVersion
		ADDED from src\main\AndroidManifest.xml:5:15-40
		INJECTED from src\main\AndroidManifest.xml
		INJECTED from src\main\AndroidManifest.xml
application
ADDED from src\main\AndroidManifest.xml:6:5-69:19
	android:label
		ADDED from src\main\AndroidManifest.xml:6:62-94
	android:icon
		ADDED from src\main\AndroidManifest.xml:6:18-61
activity#cz.romario.opensudoku.gui.FolderListActivity
ADDED from src\main\AndroidManifest.xml:7:9-13:20
	android:label
		ADDED from src\main\AndroidManifest.xml:8:19-51
	android:name
		ADDED from src\main\AndroidManifest.xml:7:19-57
intent-filter#android.intent.action.MAIN+android.intent.category.LAUNCHER
ADDED from src\main\AndroidManifest.xml:9:13-12:29
action#android.intent.action.MAIN
ADDED from src\main\AndroidManifest.xml:10:17-69
	android:name
		ADDED from src\main\AndroidManifest.xml:10:25-66
category#android.intent.category.LAUNCHER
ADDED from src\main\AndroidManifest.xml:11:17-77
	android:name
		ADDED from src\main\AndroidManifest.xml:11:27-74
activity#cz.romario.opensudoku.gui.SudokuListActivity
ADDED from src\main\AndroidManifest.xml:14:9-16:20
	android:label
		ADDED from src\main\AndroidManifest.xml:15:19-51
	android:name
		ADDED from src\main\AndroidManifest.xml:14:19-57
activity#cz.romario.opensudoku.gui.SudokuEditActivity
ADDED from src\main\AndroidManifest.xml:17:9-24:20
	android:label
		ADDED from src\main\AndroidManifest.xml:18:19-54
	android:name
		ADDED from src\main\AndroidManifest.xml:17:19-57
intent-filter#android.intent.action.EDIT+android.intent.action.INSERT+android.intent.category.DEFAULT
ADDED from src\main\AndroidManifest.xml:19:10-23:26
action#android.intent.action.INSERT
ADDED from src\main\AndroidManifest.xml:20:17-71
	android:name
		ADDED from src\main\AndroidManifest.xml:20:25-68
action#android.intent.action.EDIT
ADDED from src\main\AndroidManifest.xml:21:17-69
	android:name
		ADDED from src\main\AndroidManifest.xml:21:25-66
category#android.intent.category.DEFAULT
ADDED from src\main\AndroidManifest.xml:22:17-76
	android:name
		ADDED from src\main\AndroidManifest.xml:22:27-73
activity#cz.romario.opensudoku.gui.FileImportActivity
ADDED from src\main\AndroidManifest.xml:25:9-37:20
	android:label
		ADDED from src\main\AndroidManifest.xml:26:19-51
	android:theme
		ADDED from src\main\AndroidManifest.xml:27:19-62
	android:name
		ADDED from src\main\AndroidManifest.xml:25:19-57
intent-filter#android.intent.action.VIEW+android.intent.category.BROWSABLE+android.intent.category.DEFAULT
ADDED from src\main\AndroidManifest.xml:28:13-36:29
action#android.intent.action.VIEW
ADDED from src\main\AndroidManifest.xml:29:21-80
	android:name
		ADDED from src\main\AndroidManifest.xml:29:29-70
category#android.intent.category.BROWSABLE
ADDED from src\main\AndroidManifest.xml:31:21-91
	android:name
		ADDED from src\main\AndroidManifest.xml:31:31-79
data
ADDED from src\main\AndroidManifest.xml:32:21-100
	android:host
		ADDED from src\main\AndroidManifest.xml:32:49-65
	android:scheme
		ADDED from src\main\AndroidManifest.xml:32:27-48
	android:pathPattern
		ADDED from src\main\AndroidManifest.xml:32:67-97
activity#cz.romario.opensudoku.gui.ImportSudokuActivity
ADDED from src\main\AndroidManifest.xml:39:9-45:20
	android:name
		ADDED from src\main\AndroidManifest.xml:39:19-59
activity#cz.romario.opensudoku.gui.SudokuImportActivity
ADDED from src\main\AndroidManifest.xml:46:9-55:20
	android:label
		ADDED from src\main\AndroidManifest.xml:47:19-51
	android:theme
		ADDED from src\main\AndroidManifest.xml:48:19-62
	android:name
		ADDED from src\main\AndroidManifest.xml:46:19-59
activity#cz.romario.opensudoku.gui.SudokuExportActivity
ADDED from src\main\AndroidManifest.xml:56:9-58:20
	android:label
		ADDED from src\main\AndroidManifest.xml:57:19-51
	android:name
		ADDED from src\main\AndroidManifest.xml:56:19-59
activity#cz.romario.opensudoku.gui.SudokuPlayActivity
ADDED from src\main\AndroidManifest.xml:59:9-61:20
	android:label
		ADDED from src\main\AndroidManifest.xml:60:19-51
	android:name
		ADDED from src\main\AndroidManifest.xml:59:19-57
activity#cz.romario.opensudoku.gui.GameSettingsActivity
ADDED from src\main\AndroidManifest.xml:62:9-64:20
	android:label
		ADDED from src\main\AndroidManifest.xml:63:19-56
	android:name
		ADDED from src\main\AndroidManifest.xml:62:19-59
activity#cz.romario.opensudoku.gui.FileListActivity
ADDED from src\main\AndroidManifest.xml:65:9-67:20
	android:label
		ADDED from src\main\AndroidManifest.xml:66:19-51
	android:name
		ADDED from src\main\AndroidManifest.xml:65:19-55
uses-permission#android.permission.INTERNET
ADDED from src\main\AndroidManifest.xml:70:5-67
	android:name
		ADDED from src\main\AndroidManifest.xml:70:22-64
uses-permission#android.permission.WRITE_EXTERNAL_STORAGE
ADDED from src\main\AndroidManifest.xml:71:5-81
	android:name
		ADDED from src\main\AndroidManifest.xml:71:22-78